<?xml version="1.0" encoding="UTF-8"?>
<coverage generated="1770223735">
  <project timestamp="1770223735">
    <file name="/home/hani_awa/dbwebb-kurser/mvc/me/report/src/Blackjack/Card.php">
      <class name="App\Blackjack\Card" namespace="global">
        <metrics complexity="6" methods="4" coveredmethods="4" conditionals="0" coveredconditionals="0" statements="6" coveredstatements="6" elements="10" coveredelements="10"/>
      </class>
      <line num="9" type="method" name="__construct" visibility="public" complexity="1" crap="1" count="32"/>
      <line num="12" type="stmt" count="32"/>
      <line num="14" type="method" name="isAce" visibility="public" complexity="1" crap="1" count="18"/>
      <line num="16" type="stmt" count="18"/>
      <line num="19" type="method" name="faceValue" visibility="public" complexity="3" crap="3" count="18"/>
      <line num="21" type="stmt" count="18"/>
      <line num="22" type="stmt" count="18"/>
      <line num="23" type="stmt" count="17"/>
      <line num="26" type="method" name="label" visibility="public" complexity="1" crap="1" count="15"/>
      <line num="28" type="stmt" count="15"/>
      <metrics loc="31" ncloc="31" classes="1" methods="4" coveredmethods="4" conditionals="0" coveredconditionals="0" statements="6" coveredstatements="6" elements="10" coveredelements="10"/>
    </file>
    <file name="/home/hani_awa/dbwebb-kurser/mvc/me/report/src/Blackjack/Deck.php">
      <class name="App\Blackjack\Deck" namespace="global">
        <metrics complexity="7" methods="3" coveredmethods="2" conditionals="0" coveredconditionals="0" statements="13" coveredstatements="11" elements="16" coveredelements="13"/>
      </class>
      <line num="12" type="method" name="__construct" visibility="public" complexity="4" crap="4" count="20"/>
      <line num="14" type="stmt" count="20"/>
      <line num="15" type="stmt" count="20"/>
      <line num="16" type="stmt" count="20"/>
      <line num="17" type="stmt" count="20"/>
      <line num="18" type="stmt" count="20"/>
      <line num="19" type="stmt" count="20"/>
      <line num="23" type="stmt" count="20"/>
      <line num="26" type="method" name="shuffle" visibility="public" complexity="1" crap="1" count="20"/>
      <line num="28" type="stmt" count="20"/>
      <line num="31" type="method" name="draw" visibility="public" complexity="2" crap="2.26" count="19"/>
      <line num="33" type="stmt" count="19"/>
      <line num="34" type="stmt" count="19"/>
      <line num="35" type="stmt" count="0"/>
      <line num="36" type="stmt" count="0"/>
      <line num="38" type="stmt" count="19"/>
      <metrics loc="41" ncloc="40" classes="1" methods="3" coveredmethods="2" conditionals="0" coveredconditionals="0" statements="13" coveredstatements="11" elements="16" coveredelements="13"/>
    </file>
    <file name="/home/hani_awa/dbwebb-kurser/mvc/me/report/src/Blackjack/Game.php">
      <class name="App\Blackjack\Game" namespace="global">
        <metrics complexity="39" methods="15" coveredmethods="12" conditionals="0" coveredconditionals="0" statements="94" coveredstatements="80" elements="109" coveredelements="92"/>
      </class>
      <line num="20" type="method" name="__construct" visibility="public" complexity="2" crap="2" count="13"/>
      <line num="22" type="stmt" count="13"/>
      <line num="23" type="stmt" count="13"/>
      <line num="24" type="stmt" count="13"/>
      <line num="25" type="stmt" count="13"/>
      <line num="26" type="stmt" count="13"/>
      <line num="28" type="stmt" count="13"/>
      <line num="31" type="method" name="dealInitial" visibility="private" complexity="3" crap="3" count="13"/>
      <line num="34" type="stmt" count="13"/>
      <line num="35" type="stmt" count="13"/>
      <line num="36" type="stmt" count="13"/>
      <line num="37" type="stmt" count="13"/>
      <line num="40" type="stmt" count="13"/>
      <line num="41" type="stmt" count="13"/>
      <line num="42" type="stmt" count="13"/>
      <line num="43" type="stmt" count="13"/>
      <line num="45" type="stmt" count="13"/>
      <line num="46" type="stmt" count="13"/>
      <line num="49" type="method" name="advanceIfDone" visibility="private" complexity="6" crap="6" count="13"/>
      <line num="52" type="stmt" count="13"/>
      <line num="53" type="stmt" count="13"/>
      <line num="54" type="stmt" count="13"/>
      <line num="55" type="stmt" count="4"/>
      <line num="56" type="stmt" count="4"/>
      <line num="58" type="stmt" count="13"/>
      <line num="61" type="stmt" count="13"/>
      <line num="62" type="stmt" count="4"/>
      <line num="63" type="stmt" count="4"/>
      <line num="64" type="stmt" count="4"/>
      <line num="68" type="method" name="finishDealer" visibility="private" complexity="2" crap="2" count="4"/>
      <line num="70" type="stmt" count="4"/>
      <line num="71" type="stmt" count="3"/>
      <line num="72" type="stmt" count="3"/>
      <line num="73" type="stmt" count="3"/>
      <line num="77" type="method" name="scoreResults" visibility="private" complexity="6" crap="6.02" count="4"/>
      <line num="79" type="stmt" count="4"/>
      <line num="80" type="stmt" count="4"/>
      <line num="81" type="stmt" count="4"/>
      <line num="82" type="stmt" count="4"/>
      <line num="83" type="stmt" count="1"/>
      <line num="84" type="stmt" count="1"/>
      <line num="86" type="stmt" count="3"/>
      <line num="87" type="stmt" count="3"/>
      <line num="88" type="stmt" count="1"/>
      <line num="89" type="stmt" count="2"/>
      <line num="90" type="stmt" count="0"/>
      <line num="92" type="stmt" count="2"/>
      <line num="97" type="method" name="hit" visibility="public" complexity="2" crap="2" count="2"/>
      <line num="99" type="stmt" count="2"/>
      <line num="100" type="stmt" count="2"/>
      <line num="101" type="stmt" count="2"/>
      <line num="104" type="method" name="stand" visibility="public" complexity="2" crap="2" count="3"/>
      <line num="106" type="stmt" count="3"/>
      <line num="107" type="stmt" count="3"/>
      <line num="108" type="stmt" count="3"/>
      <line num="111" type="method" name="split" visibility="public" complexity="3" crap="12" count="0"/>
      <line num="113" type="stmt" count="0"/>
      <line num="114" type="stmt" count="0"/>
      <line num="115" type="stmt" count="0"/>
      <line num="116" type="stmt" count="0"/>
      <line num="118" type="stmt" count="0"/>
      <line num="119" type="stmt" count="0"/>
      <line num="121" type="stmt" count="0"/>
      <line num="122" type="stmt" count="0"/>
      <line num="124" type="stmt" count="0"/>
      <line num="125" type="stmt" count="0"/>
      <line num="126" type="stmt" count="0"/>
      <line num="127" type="stmt" count="0"/>
      <line num="130" type="method" name="isFinished" visibility="public" complexity="1" crap="1" count="2"/>
      <line num="131" type="method" name="currentIndex" visibility="public" complexity="1" crap="1" count="1"/>
      <line num="132" type="method" name="dealer" visibility="public" complexity="1" crap="1" count="2"/>
      <line num="133" type="method" name="players" visibility="public" complexity="1" crap="1" count="8"/>
      <line num="134" type="method" name="results" visibility="public" complexity="1" crap="2" count="0"/>
      <line num="136" type="method" name="toArray" visibility="public" complexity="5" crap="5" count="1"/>
      <line num="138" type="stmt" count="1"/>
      <line num="139" type="stmt" count="1"/>
      <line num="140" type="stmt" count="1"/>
      <line num="143" type="stmt" count="1"/>
      <line num="144" type="stmt" count="1"/>
      <line num="145" type="stmt" count="1"/>
      <line num="146" type="stmt" count="1"/>
      <line num="147" type="stmt" count="1"/>
      <line num="148" type="stmt" count="1"/>
      <line num="149" type="stmt" count="1"/>
      <line num="150" type="stmt" count="1"/>
      <line num="151" type="stmt" count="1"/>
      <line num="152" type="stmt" count="1"/>
      <line num="153" type="stmt" count="1"/>
      <line num="154" type="stmt" count="1"/>
      <line num="155" type="stmt" count="1"/>
      <line num="156" type="stmt" count="1"/>
      <line num="157" type="stmt" count="1"/>
      <line num="158" type="stmt" count="1"/>
      <line num="159" type="stmt" count="1"/>
      <line num="160" type="stmt" count="1"/>
      <line num="161" type="stmt" count="1"/>
      <line num="162" type="stmt" count="1"/>
      <line num="163" type="stmt" count="1"/>
      <line num="166" type="method" name="availableActions" visibility="private" complexity="3" crap="3" count="1"/>
      <line num="168" type="stmt" count="1"/>
      <line num="169" type="stmt" count="1"/>
      <line num="170" type="stmt" count="1"/>
      <line num="171" type="stmt" count="1"/>
      <line num="172" type="stmt" count="1"/>
      <metrics loc="175" ncloc="166" classes="1" methods="15" coveredmethods="12" conditionals="0" coveredconditionals="0" statements="94" coveredstatements="80" elements="109" coveredelements="92"/>
    </file>
    <file name="/home/hani_awa/dbwebb-kurser/mvc/me/report/src/Blackjack/Hand.php">
      <class name="App\Blackjack\Hand" namespace="global">
        <metrics complexity="17" methods="8" coveredmethods="8" conditionals="0" coveredconditionals="0" statements="22" coveredstatements="22" elements="30" coveredelements="30"/>
      </class>
      <line num="14" type="method" name="add" visibility="public" complexity="1" crap="1" count="20"/>
      <line num="16" type="stmt" count="20"/>
      <line num="20" type="method" name="cards" visibility="public" complexity="1" crap="1" count="7"/>
      <line num="22" type="stmt" count="7"/>
      <line num="25" type="method" name="canSplit" visibility="public" complexity="3" crap="3" count="4"/>
      <line num="27" type="stmt" count="4"/>
      <line num="28" type="stmt" count="4"/>
      <line num="29" type="stmt" count="4"/>
      <line num="32" type="method" name="isBlackjack" visibility="public" complexity="2" crap="2" count="14"/>
      <line num="34" type="stmt" count="14"/>
      <line num="37" type="method" name="isBusted" visibility="public" complexity="1" crap="1" count="14"/>
      <line num="39" type="stmt" count="14"/>
      <line num="42" type="method" name="bestScore" visibility="public" complexity="3" crap="3" count="16"/>
      <line num="44" type="stmt" count="16"/>
      <line num="45" type="stmt" count="16"/>
      <line num="46" type="stmt" count="16"/>
      <line num="47" type="stmt" count="16"/>
      <line num="48" type="stmt" count="5"/>
      <line num="49" type="stmt" count="5"/>
      <line num="51" type="stmt" count="16"/>
      <line num="54" type="method" name="minScore" visibility="private" complexity="3" crap="3" count="17"/>
      <line num="56" type="stmt" count="17"/>
      <line num="57" type="stmt" count="17"/>
      <line num="58" type="stmt" count="17"/>
      <line num="60" type="stmt" count="17"/>
      <line num="63" type="method" name="aceCount" visibility="private" complexity="3" crap="3" count="16"/>
      <line num="65" type="stmt" count="16"/>
      <line num="66" type="stmt" count="16"/>
      <line num="67" type="stmt" count="16"/>
      <line num="69" type="stmt" count="16"/>
      <metrics loc="72" ncloc="70" classes="1" methods="8" coveredmethods="8" conditionals="0" coveredconditionals="0" statements="22" coveredstatements="22" elements="30" coveredelements="30"/>
    </file>
    <file name="/home/hani_awa/dbwebb-kurser/mvc/me/report/src/Game/Game.php">
      <class name="App\Game\Game" namespace="global">
        <metrics complexity="28" methods="11" coveredmethods="10" conditionals="0" coveredconditionals="0" statements="69" coveredstatements="67" elements="80" coveredelements="77"/>
      </class>
      <line num="57" type="method" name="init" visibility="public" complexity="4" crap="4" count="14"/>
      <line num="59" type="stmt" count="14"/>
      <line num="60" type="stmt" count="14"/>
      <line num="62" type="stmt" count="14"/>
      <line num="63" type="stmt" count="14"/>
      <line num="66" type="stmt" count="14"/>
      <line num="67" type="stmt" count="14"/>
      <line num="68" type="stmt" count="14"/>
      <line num="71" type="stmt" count="14"/>
      <line num="72" type="stmt" count="14"/>
      <line num="74" type="stmt" count="14"/>
      <line num="79" type="stmt" count="14"/>
      <line num="80" type="stmt" count="14"/>
      <line num="81" type="stmt" count="2"/>
      <line num="82" type="stmt" count="2"/>
      <line num="83" type="stmt" count="2"/>
      <line num="86" type="stmt" count="2"/>
      <line num="88" type="stmt" count="2"/>
      <line num="89" type="stmt" count="2"/>
      <line num="90" type="stmt" count="2"/>
      <line num="103" type="method" name="playerHit" visibility="public" complexity="5" crap="5.12" count="4"/>
      <line num="105" type="stmt" count="4"/>
      <line num="106" type="stmt" count="1"/>
      <line num="109" type="stmt" count="3"/>
      <line num="110" type="stmt" count="3"/>
      <line num="112" type="stmt" count="3"/>
      <line num="114" type="stmt" count="3"/>
      <line num="115" type="stmt" count="1"/>
      <line num="116" type="stmt" count="1"/>
      <line num="117" type="stmt" count="2"/>
      <line num="118" type="stmt" count="1"/>
      <line num="119" type="stmt" count="0"/>
      <line num="120" type="stmt" count="0"/>
      <line num="133" type="method" name="playerStand" visibility="public" complexity="6" crap="6" count="9"/>
      <line num="135" type="stmt" count="9"/>
      <line num="136" type="stmt" count="1"/>
      <line num="139" type="stmt" count="9"/>
      <line num="142" type="stmt" count="9"/>
      <line num="143" type="stmt" count="9"/>
      <line num="144" type="stmt" count="5"/>
      <line num="145" type="stmt" count="5"/>
      <line num="146" type="stmt" count="5"/>
      <line num="149" type="stmt" count="9"/>
      <line num="151" type="stmt" count="9"/>
      <line num="154" type="stmt" count="9"/>
      <line num="155" type="stmt" count="2"/>
      <line num="156" type="stmt" count="7"/>
      <line num="157" type="stmt" count="4"/>
      <line num="158" type="stmt" count="3"/>
      <line num="159" type="stmt" count="2"/>
      <line num="161" type="stmt" count="1"/>
      <line num="172" type="method" name="getPlayerHand" visibility="public" complexity="1" crap="1" count="3"/>
      <line num="174" type="stmt" count="3"/>
      <line num="184" type="method" name="getDealerHand" visibility="public" complexity="1" crap="1" count="4"/>
      <line num="186" type="stmt" count="4"/>
      <line num="196" type="method" name="getPlayerScore" visibility="public" complexity="1" crap="1" count="7"/>
      <line num="198" type="stmt" count="7"/>
      <line num="208" type="method" name="getDealerScore" visibility="public" complexity="1" crap="1" count="4"/>
      <line num="210" type="stmt" count="4"/>
      <line num="224" type="method" name="calculateHandScore" visibility="private" complexity="6" crap="6" count="8"/>
      <line num="226" type="stmt" count="8"/>
      <line num="227" type="stmt" count="8"/>
      <line num="228" type="stmt" count="8"/>
      <line num="230" type="stmt" count="8"/>
      <line num="231" type="stmt" count="8"/>
      <line num="232" type="stmt" count="3"/>
      <line num="233" type="stmt" count="3"/>
      <line num="234" type="stmt" count="8"/>
      <line num="235" type="stmt" count="5"/>
      <line num="237" type="stmt" count="8"/>
      <line num="242" type="stmt" count="8"/>
      <line num="243" type="stmt" count="3"/>
      <line num="244" type="stmt" count="3"/>
      <line num="248" type="stmt" count="8"/>
      <line num="258" type="method" name="getGameState" visibility="public" complexity="1" crap="1" count="9"/>
      <line num="260" type="stmt" count="9"/>
      <line num="271" type="method" name="getResult" visibility="public" complexity="1" crap="1" count="7"/>
      <line num="273" type="stmt" count="7"/>
      <line num="283" type="method" name="isGameOver" visibility="public" complexity="1" crap="1" count="1"/>
      <line num="285" type="stmt" count="1"/>
      <metrics loc="288" ncloc="165" classes="1" methods="11" coveredmethods="10" conditionals="0" coveredconditionals="0" statements="69" coveredstatements="67" elements="80" coveredelements="77"/>
    </file>
    <file name="/home/hani_awa/dbwebb-kurser/mvc/me/report/src/Proj/Calculator.php">
      <class name="App\Proj\Calculator" namespace="global">
        <metrics complexity="5" methods="4" coveredmethods="4" conditionals="0" coveredconditionals="0" statements="5" coveredstatements="5" elements="9" coveredelements="9"/>
      </class>
      <line num="8" type="method" name="add" visibility="public" complexity="1" crap="1" count="1"/>
      <line num="9" type="method" name="sub" visibility="public" complexity="1" crap="1" count="1"/>
      <line num="10" type="method" name="mul" visibility="public" complexity="1" crap="1" count="1"/>
      <line num="12" type="method" name="div" visibility="public" complexity="2" crap="2" count="2"/>
      <line num="13" type="stmt" count="2"/>
      <line num="14" type="stmt" count="1"/>
      <metrics loc="17" ncloc="15" classes="1" methods="4" coveredmethods="4" conditionals="0" coveredconditionals="0" statements="5" coveredstatements="5" elements="9" coveredelements="9"/>
    </file>
    <metrics files="6" loc="624" ncloc="487" classes="6" methods="45" coveredmethods="40" conditionals="0" coveredconditionals="0" statements="209" coveredstatements="191" elements="254" coveredelements="231"/>
  </project>
</coverage>
